[monitor] getenv('QUOTING_STYLE') = '(null)'
[monitor] getenv('COLUMNS') = '(null)'
[monitor] getenv('TABSIZE') = '(null)'
[monitor] getenv('LS_BLOCK_SIZE') = '(null)'
[monitor] getenv('BLOCK_SIZE') = '(null)'
[monitor] getenv('BLOCKSIZE') = '(null)'
[monitor] getenv('POSIXLY_CORRECT') = '(null)'
[monitor] getenv('BLOCK_SIZE') = '(null)'
[monitor] getenv('TIME_STYLE') = '(null)'
[monitor] realloc((nil), 1600) = 0x9a85a0
[monitor] realloc((nil), 1024) = 0x9a8bf0
[monitor] realloc(0x9a8bf0, 2048) = 0x9a8bf0
[monitor] opendir('.') = 0x9ae100
[monitor] readdir(0x9ae100) = 'hw2cpp.so'
[monitor] __lxstat(1, 'hw2cpp.so', 0x9a9600) = 0
[monitor] readdir(0x9ae100) = 'execlp_test.c'
[monitor] __lxstat(1, 'execlp_test.c', 0x9a96c0) = 0
[monitor] readdir(0x9ae100) = 'monitor.out'
[monitor] __lxstat(1, 'monitor.out', 0x9a9780) = 0
[monitor] readdir(0x9ae100) = 'chw2.c'
[monitor] __lxstat(1, 'chw2.c', 0x9a9840) = 0
[monitor] readdir(0x9ae100) = 'hw2.c'
[monitor] __lxstat(1, 'hw2.c', 0x9a9900) = 0
[monitor] readdir(0x9ae100) = '..'
[monitor] readdir(0x9ae100) = '.hw2.cpp.swp'
[monitor] readdir(0x9ae100) = 'execv_test.c'
[monitor] __lxstat(1, 'execv_test.c', 0x9a99c0) = 0
[monitor] readdir(0x9ae100) = 'execle_test'
[monitor] __lxstat(1, 'execle_test', 0x9a9a80) = 0
[monitor] readdir(0x9ae100) = 'exittest.c'
[monitor] __lxstat(1, 'exittest.c', 0x9a9b40) = 0
[monitor] readdir(0x9ae100) = 'execl_test.c'
[monitor] __lxstat(1, 'execl_test.c', 0x9a9c00) = 0
[monitor] readdir(0x9ae100) = '2.out'
[monitor] __lxstat(1, '2.out', 0x9a9cc0) = 0
[monitor] readdir(0x9ae100) = 'test.cpp'
[monitor] __lxstat(1, 'test.cpp', 0x9a9d80) = 0
[monitor] readdir(0x9ae100) = 'test.so'
[monitor] __lxstat(1, 'test.so', 0x9a9e40) = 0
[monitor] readdir(0x9ae100) = 'execle_test.c'
[monitor] __lxstat(1, 'execle_test.c', 0x9a9f00) = 0
[monitor] readdir(0x9ae100) = 'getuid'
[monitor] __lxstat(1, 'getuid', 0x9a9fc0) = 0
[monitor] readdir(0x9ae100) = 'Makefile'
[monitor] __lxstat(1, 'Makefile', 0x9aa080) = 0
[monitor] readdir(0x9ae100) = '.'
[monitor] readdir(0x9ae100) = 'getuid.c'
[monitor] __lxstat(1, 'getuid.c', 0x9aa140) = 0
[monitor] readdir(0x9ae100) = 'hw2.cpp'
[monitor] __lxstat(1, 'hw2.cpp', 0x9aa200) = 0
[monitor] readdir(0x9ae100) = 'execv_test'
[monitor] __lxstat(1, 'execv_test', 0x9aa2c0) = 0
[monitor] readdir(0x9ae100) = 'execcc.cpp'
[monitor] __lxstat(1, 'execcc.cpp', 0x9aa380) = 0
[monitor] readdir(0x9ae100) = 'hw2.so'
[monitor] __lxstat(1, 'hw2.so', 0x9aa440) = 0
[monitor] readdir(0x9ae100) = 'execlp_test'
[monitor] __lxstat(1, 'execlp_test', 0x9aa500) = 0
[monitor] readdir(0x9ae100) = 'execl_test'
[monitor] __lxstat(1, 'execl_test', 0x9aa5c0) = 0
[monitor] readdir(0x9ae100) = '.git'
[monitor] readdir(0x9ae100) = (nil)
[monitor] closedir(0x9ae100) = 0
[monitor] fputs_unlocked(total, 0x7f6a67499400) = 1
[monitor] fputs_unlocked(300, 0x7f6a67499400) = 1
[monitor] fputs_unlocked(-rw-rw-r-- 1 , 0x7f6a67499400) = 1
[monitor] fputs_unlocked(jun, 0x7f6a67499400) = 1
[monitor] fputs_unlocked(jun, 0x7f6a67499400) = 1
[monitor] fputs_unlocked(  399 Apr 11 18:51 , 0x7f6a67499400) = 1
[monitor] fputs_unlocked(-rw-rw-r-- 1 , 0x7f6a67499400) = 1
[monitor] fputs_unlocked(jun, 0x7f6a67499400) = 1
[monitor] fputs_unlocked(jun, 0x7f6a67499400) = 1
[monitor] fputs_unlocked(  611 Apr 11 19:34 , 0x7f6a67499400) = 1
[monitor] fputs_unlocked(-rwxrwxr-x 1 , 0x7f6a67499400) = 1
[monitor] fputs_unlocked(jun, 0x7f6a67499400) = 1
[monitor] fputs_unlocked(jun, 0x7f6a67499400) = 1
[monitor] fputs_unlocked( 8105 Apr 11 19:36 , 0x7f6a67499400) = 1
[monitor] fputs_unlocked(-rw-rw-r-- 1 , 0x7f6a67499400) = 1
[monitor] fputs_unlocked(jun, 0x7f6a67499400) = 1
[monitor] fputs_unlocked(jun, 0x7f6a67499400) = 1
[monitor] fputs_unlocked(  991 Apr 11 21:11 , 0x7f6a67499400) = 1
[monitor] fputs_unlocked(-rwxrwxr-x 1 , 0x7f6a67499400) = 1
[monitor] fputs_unlocked(jun, 0x7f6a67499400) = 1
[monitor] fputs_unlocked(jun, 0x7f6a67499400) = 1
[monitor] fputs_unlocked(13342 Apr 11 22:19 , 0x7f6a67499400) = 1
[monitor] fputs_unlocked(-rw-rw-r-- 1 , 0x7f6a67499400) = 1
[monitor] fputs_unlocked(jun, 0x7f6a67499400) = 1
[monitor] fputs_unlocked(jun, 0x7f6a67499400) = 1
[monitor] fputs_unlocked(   58 Apr 17 20:19 , 0x7f6a67499400) = 1
[monitor] fputs_unlocked(-rw-rw-r-- 1 , 0x7f6a67499400) = 1
[monitor] fputs_unlocked(jun, 0x7f6a67499400) = 1
[monitor] fputs_unlocked(jun, 0x7f6a67499400) = 1
[monitor] fputs_unlocked(  123 Apr 17 20:19 , 0x7f6a67499400) = 1
[monitor] fputs_unlocked(-rwxrwxr-x 1 , 0x7f6a67499400) = 1
[monitor] fputs_unlocked(jun, 0x7f6a67499400) = 1
[monitor] fputs_unlocked(jun, 0x7f6a67499400) = 1
[monitor] fputs_unlocked( 9712 Apr 17 20:19 , 0x7f6a67499400) = 1
[monitor] fputs_unlocked(-rw-rw-r-- 1 , 0x7f6a67499400) = 1
[monitor] fputs_unlocked(jun, 0x7f6a67499400) = 1
[monitor] fputs_unlocked(jun, 0x7f6a67499400) = 1
[monitor] fputs_unlocked(   85 Apr 17 20:19 , 0x7f6a67499400) = 1
[monitor] fputs_unlocked(-rw-rw-r-- 1 , 0x7f6a67499400) = 1
[monitor] fputs_unlocked(jun, 0x7f6a67499400) = 1
[monitor] fputs_unlocked(jun, 0x7f6a67499400) = 1
[monitor] fputs_unlocked(  335 Apr 17 20:19 , 0x7f6a67499400) = 1
[monitor] fputs_unlocked(-rwxrwxr-x 1 , 0x7f6a67499400) = 1
[monitor] fputs_unlocked(jun, 0x7f6a67499400) = 1
[monitor] fputs_unlocked(jun, 0x7f6a67499400) = 1
[monitor] fputs_unlocked( 8768 Apr 17 20:19 , 0x7f6a67499400) = 1
[monitor] fputs_unlocked(-rw-rw-r-- 1 , 0x7f6a67499400) = 1
[monitor] fputs_unlocked(jun, 0x7f6a67499400) = 1
[monitor] fputs_unlocked(jun, 0x7f6a67499400) = 1
[monitor] fputs_unlocked(  278 Apr 17 20:19 , 0x7f6a67499400) = 1
[monitor] fputs_unlocked(-rwxrwxr-x 1 , 0x7f6a67499400) = 1
[monitor] fputs_unlocked(jun, 0x7f6a67499400) = 1
[monitor] fputs_unlocked(jun, 0x7f6a67499400) = 1
[monitor] fputs_unlocked( 8608 Apr 17 20:19 , 0x7f6a67499400) = 1
[monitor] fputs_unlocked(-rw-rw-r-- 1 , 0x7f6a67499400) = 1
[monitor] fputs_unlocked(jun, 0x7f6a67499400) = 1
[monitor] fputs_unlocked(jun, 0x7f6a67499400) = 1
[monitor] fputs_unlocked(  338 Apr 17 20:19 , 0x7f6a67499400) = 1
[monitor] fputs_unlocked(-rwxrwxr-x 1 , 0x7f6a67499400) = 1
[monitor] fputs_unlocked(jun, 0x7f6a67499400) = 1
[monitor] fputs_unlocked(jun, 0x7f6a67499400) = 1
[monitor] fputs_unlocked( 8664 Apr 17 20:19 , 0x7f6a67499400) = 1
[monitor] fputs_unlocked(-rw-rw-r-- 1 , 0x7f6a67499400) = 1
[monitor] fputs_unlocked(jun, 0x7f6a67499400) = 1
[monitor] fputs_unlocked(jun, 0x7f6a67499400) = 1
[monitor] fputs_unlocked(  311 Apr 17 20:19 , 0x7f6a67499400) = 1
[monitor] fputs_unlocked(-rwxrwxr-x 1 , 0x7f6a67499400) = 1
[monitor] fputs_unlocked(jun, 0x7f6a67499400) = 1
[monitor] fputs_unlocked(jun, 0x7f6a67499400) = 1
[monitor] fputs_unlocked( 8672 Apr 17 20:19 , 0x7f6a67499400) = 1
[monitor] fputs_unlocked(-rw-rw-r-- 1 , 0x7f6a67499400) = 1
[monitor] fputs_unlocked(jun, 0x7f6a67499400) = 1
[monitor] fputs_unlocked(jun, 0x7f6a67499400) = 1
[monitor] fputs_unlocked(53316 Apr 17 20:19 , 0x7f6a67499400) = 1
[monitor] fputs_unlocked(-rw-rw-r-- 1 , 0x7f6a67499400) = 1
[monitor] fputs_unlocked(jun, 0x7f6a67499400) = 1
[monitor] fputs_unlocked(jun, 0x7f6a67499400) = 1
[monitor] fputs_unlocked(60401 Apr 17 22:53 , 0x7f6a67499400) = 1
[monitor] fputs_unlocked(-rwxrwxr-x 1 , 0x7f6a67499400) = 1
[monitor] fputs_unlocked(jun, 0x7f6a67499400) = 1
[monitor] fputs_unlocked(jun, 0x7f6a67499400) = 1
[monitor] fputs_unlocked(51777 Apr 17 22:54 , 0x7f6a67499400) = 1
[monitor] fputs_unlocked(-rw-rw-r-- 1 , 0x7f6a67499400) = 1
[monitor] fputs_unlocked(jun, 0x7f6a67499400) = 1
[monitor] fputs_unlocked(jun, 0x7f6a67499400) = 1
[monitor] fputs_unlocked( 5668 Apr 17 22:56 , 0x7f6a67499400) = 1
[monitor] fputs_unlocked(-rw-rw-r-- 1 , 0x7f6a67499400) = 1
[monitor] fputs_unlocked(jun, 0x7f6a67499400) = 1
[monitor] fputs_unlocked(jun, 0x7f6a67499400) = 1
[monitor] fputs_unlocked(    0 Apr 17 23:00 , 0x7f6a67499400) = 1
[monitor] exit(0)
[monitor] __freading(0x7f6a67499400) = 0
[monitor] __freading(0x7f6a67499400) = 0
[monitor] fflush(0x7f6a67499400) = 0
[monitor] __freading(0x7f6a674991c0) = 0
[monitor] __freading(0x7f6a674991c0) = 0
[monitor] fflush(0x7f6a674991c0) = 0
[monitor] fflush(0x7f6a67499400) = 0
[monitor] fflush(0x7f6a674991c0) = 0
[monitor] fflush(0x7f6a674991c0) = 0
[monitor] fflush(0x7f6a67499400) = 0
[monitor] fflush(0x7f6a674991c0) = 0
[monitor] fflush(0x7f6a674991c0) = 0
[monitor] getenv('QUOTING_STYLE') = '(null)'
[monitor] getenv('COLUMNS') = '(null)'
[monitor] getenv('TABSIZE') = '(null)'
[monitor] getenv('LS_BLOCK_SIZE') = '(null)'
[monitor] getenv('BLOCK_SIZE') = '(null)'
[monitor] getenv('BLOCKSIZE') = '(null)'
[monitor] getenv('POSIXLY_CORRECT') = '(null)'
[monitor] getenv('BLOCK_SIZE') = '(null)'
[monitor] getenv('TIME_STYLE') = '(null)'
[monitor] realloc((nil), 1600) = 0xeed5a0
[monitor] realloc((nil), 1024) = 0xeedbf0
[monitor] realloc(0xeedbf0, 2048) = 0xeedbf0
[monitor] opendir('.') = 0xef3100
[monitor] readdir(0xef3100) = 'hw2cpp.so'
[monitor] __lxstat(1, 'hw2cpp.so', 0xeee600) = 0
[monitor] readdir(0xef3100) = 'execlp_test.c'
[monitor] __lxstat(1, 'execlp_test.c', 0xeee6c0) = 0
[monitor] readdir(0xef3100) = 'monitor.out'
[monitor] __lxstat(1, 'monitor.out', 0xeee780) = 0
[monitor] readdir(0xef3100) = 'chw2.c'
[monitor] __lxstat(1, 'chw2.c', 0xeee840) = 0
[monitor] readdir(0xef3100) = 'hw2.c'
[monitor] __lxstat(1, 'hw2.c', 0xeee900) = 0
[monitor] readdir(0xef3100) = '..'
[monitor] readdir(0xef3100) = 'execv_test.c'
[monitor] __lxstat(1, 'execv_test.c', 0xeee9c0) = 0
[monitor] readdir(0xef3100) = 'execle_test'
[monitor] __lxstat(1, 'execle_test', 0xeeea80) = 0
[monitor] readdir(0xef3100) = 'exittest.c'
[monitor] __lxstat(1, 'exittest.c', 0xeeeb40) = 0
[monitor] readdir(0xef3100) = 'execl_test.c'
[monitor] __lxstat(1, 'execl_test.c', 0xeeec00) = 0
[monitor] readdir(0xef3100) = '2.out'
[monitor] __lxstat(1, '2.out', 0xeeecc0) = 0
[monitor] readdir(0xef3100) = 'test.cpp'
[monitor] __lxstat(1, 'test.cpp', 0xeeed80) = 0
[monitor] readdir(0xef3100) = 'test.so'
[monitor] __lxstat(1, 'test.so', 0xeeee40) = 0
[monitor] readdir(0xef3100) = 'execle_test.c'
[monitor] __lxstat(1, 'execle_test.c', 0xeeef00) = 0
[monitor] readdir(0xef3100) = 'getuid'
[monitor] __lxstat(1, 'getuid', 0xeeefc0) = 0
[monitor] readdir(0xef3100) = 'Makefile'
[monitor] __lxstat(1, 'Makefile', 0xeef080) = 0
[monitor] readdir(0xef3100) = '.'
[monitor] readdir(0xef3100) = 'getuid.c'
[monitor] __lxstat(1, 'getuid.c', 0xeef140) = 0
[monitor] readdir(0xef3100) = 'hw2.cpp'
[monitor] __lxstat(1, 'hw2.cpp', 0xeef200) = 0
[monitor] readdir(0xef3100) = 'execv_test'
[monitor] __lxstat(1, 'execv_test', 0xeef2c0) = 0
[monitor] readdir(0xef3100) = 'execcc.cpp'
[monitor] __lxstat(1, 'execcc.cpp', 0xeef380) = 0
[monitor] readdir(0xef3100) = 'hw2.so'
[monitor] __lxstat(1, 'hw2.so', 0xeef440) = 0
[monitor] readdir(0xef3100) = 'execlp_test'
[monitor] __lxstat(1, 'execlp_test', 0xeef500) = 0
[monitor] readdir(0xef3100) = 'execl_test'
[monitor] __lxstat(1, 'execl_test', 0xeef5c0) = 0
[monitor] readdir(0xef3100) = '.git'
[monitor] readdir(0xef3100) = (nil)
[monitor] closedir(0xef3100) = 0
[monitor] fputs_unlocked(total, 0x7f08a28ba400) = 1
[monitor] fputs_unlocked(312, 0x7f08a28ba400) = 1
[monitor] fputs_unlocked(-rw-rw-r-- 1 , 0x7f08a28ba400) = 1
[monitor] fputs_unlocked(jun, 0x7f08a28ba400) = 1
[monitor] fputs_unlocked(jun, 0x7f08a28ba400) = 1
[monitor] fputs_unlocked(  399 Apr 11 18:51 , 0x7f08a28ba400) = 1
[monitor] fputs_unlocked(-rw-rw-r-- 1 , 0x7f08a28ba400) = 1
[monitor] fputs_unlocked(jun, 0x7f08a28ba400) = 1
[monitor] fputs_unlocked(jun, 0x7f08a28ba400) = 1
[monitor] fputs_unlocked(  611 Apr 11 19:34 , 0x7f08a28ba400) = 1
[monitor] fputs_unlocked(-rwxrwxr-x 1 , 0x7f08a28ba400) = 1
[monitor] fputs_unlocked(jun, 0x7f08a28ba400) = 1
[monitor] fputs_unlocked(jun, 0x7f08a28ba400) = 1
[monitor] fputs_unlocked( 8105 Apr 11 19:36 , 0x7f08a28ba400) = 1
[monitor] fputs_unlocked(-rw-rw-r-- 1 , 0x7f08a28ba400) = 1
[monitor] fputs_unlocked(jun, 0x7f08a28ba400) = 1
[monitor] fputs_unlocked(jun, 0x7f08a28ba400) = 1
[monitor] fputs_unlocked(  991 Apr 11 21:11 , 0x7f08a28ba400) = 1
[monitor] fputs_unlocked(-rwxrwxr-x 1 , 0x7f08a28ba400) = 1
[monitor] fputs_unlocked(jun, 0x7f08a28ba400) = 1
[monitor] fputs_unlocked(jun, 0x7f08a28ba400) = 1
[monitor] fputs_unlocked(13342 Apr 11 22:19 , 0x7f08a28ba400) = 1
[monitor] fputs_unlocked(-rw-rw-r-- 1 , 0x7f08a28ba400) = 1
[monitor] fputs_unlocked(jun, 0x7f08a28ba400) = 1
[monitor] fputs_unlocked(jun, 0x7f08a28ba400) = 1
[monitor] fputs_unlocked(   58 Apr 17 20:19 , 0x7f08a28ba400) = 1
[monitor] fputs_unlocked(-rw-rw-r-- 1 , 0x7f08a28ba400) = 1
[monitor] fputs_unlocked(jun, 0x7f08a28ba400) = 1
[monitor] fputs_unlocked(jun, 0x7f08a28ba400) = 1
[monitor] fputs_unlocked(  123 Apr 17 20:19 , 0x7f08a28ba400) = 1
[monitor] fputs_unlocked(-rwxrwxr-x 1 , 0x7f08a28ba400) = 1
[monitor] fputs_unlocked(jun, 0x7f08a28ba400) = 1
[monitor] fputs_unlocked(jun, 0x7f08a28ba400) = 1
[monitor] fputs_unlocked( 9712 Apr 17 20:19 , 0x7f08a28ba400) = 1
[monitor] fputs_unlocked(-rw-rw-r-- 1 , 0x7f08a28ba400) = 1
[monitor] fputs_unlocked(jun, 0x7f08a28ba400) = 1
[monitor] fputs_unlocked(jun, 0x7f08a28ba400) = 1
[monitor] fputs_unlocked(   85 Apr 17 20:19 , 0x7f08a28ba400) = 1
[monitor] fputs_unlocked(-rw-rw-r-- 1 , 0x7f08a28ba400) = 1
[monitor] fputs_unlocked(jun, 0x7f08a28ba400) = 1
[monitor] fputs_unlocked(jun, 0x7f08a28ba400) = 1
[monitor] fputs_unlocked(  335 Apr 17 20:19 , 0x7f08a28ba400) = 1
[monitor] fputs_unlocked(-rwxrwxr-x 1 , 0x7f08a28ba400) = 1
[monitor] fputs_unlocked(jun, 0x7f08a28ba400) = 1
[monitor] fputs_unlocked(jun, 0x7f08a28ba400) = 1
[monitor] fputs_unlocked( 8768 Apr 17 20:19 , 0x7f08a28ba400) = 1
[monitor] fputs_unlocked(-rw-rw-r-- 1 , 0x7f08a28ba400) = 1
[monitor] fputs_unlocked(jun, 0x7f08a28ba400) = 1
[monitor] fputs_unlocked(jun, 0x7f08a28ba400) = 1
[monitor] fputs_unlocked(  278 Apr 17 20:19 , 0x7f08a28ba400) = 1
[monitor] fputs_unlocked(-rwxrwxr-x 1 , 0x7f08a28ba400) = 1
[monitor] fputs_unlocked(jun, 0x7f08a28ba400) = 1
[monitor] fputs_unlocked(jun, 0x7f08a28ba400) = 1
[monitor] fputs_unlocked( 8608 Apr 17 20:19 , 0x7f08a28ba400) = 1
[monitor] fputs_unlocked(-rw-rw-r-- 1 , 0x7f08a28ba400) = 1
[monitor] fputs_unlocked(jun, 0x7f08a28ba400) = 1
[monitor] fputs_unlocked(jun, 0x7f08a28ba400) = 1
[monitor] fputs_unlocked(  338 Apr 17 20:19 , 0x7f08a28ba400) = 1
[monitor] fputs_unlocked(-rwxrwxr-x 1 , 0x7f08a28ba400) = 1
[monitor] fputs_unlocked(jun, 0x7f08a28ba400) = 1
[monitor] fputs_unlocked(jun, 0x7f08a28ba400) = 1
[monitor] fputs_unlocked( 8664 Apr 17 20:19 , 0x7f08a28ba400) = 1
[monitor] fputs_unlocked(-rw-rw-r-- 1 , 0x7f08a28ba400) = 1
[monitor] fputs_unlocked(jun, 0x7f08a28ba400) = 1
[monitor] fputs_unlocked(jun, 0x7f08a28ba400) = 1
[monitor] fputs_unlocked(  311 Apr 17 20:19 , 0x7f08a28ba400) = 1
[monitor] fputs_unlocked(-rwxrwxr-x 1 , 0x7f08a28ba400) = 1
[monitor] fputs_unlocked(jun, 0x7f08a28ba400) = 1
[monitor] fputs_unlocked(jun, 0x7f08a28ba400) = 1
[monitor] fputs_unlocked( 8672 Apr 17 20:19 , 0x7f08a28ba400) = 1
[monitor] fputs_unlocked(-rw-rw-r-- 1 , 0x7f08a28ba400) = 1
[monitor] fputs_unlocked(jun, 0x7f08a28ba400) = 1
[monitor] fputs_unlocked(jun, 0x7f08a28ba400) = 1
[monitor] fputs_unlocked(53316 Apr 17 20:19 , 0x7f08a28ba400) = 1
[monitor] fputs_unlocked(-rw-rw-r-- 1 , 0x7f08a28ba400) = 1
[monitor] fputs_unlocked(jun, 0x7f08a28ba400) = 1
[monitor] fputs_unlocked(jun, 0x7f08a28ba400) = 1
[monitor] fputs_unlocked(60401 Apr 17 22:53 , 0x7f08a28ba400) = 1
[monitor] fputs_unlocked(-rwxrwxr-x 1 , 0x7f08a28ba400) = 1
[monitor] fputs_unlocked(jun, 0x7f08a28ba400) = 1
[monitor] fputs_unlocked(jun, 0x7f08a28ba400) = 1
[monitor] fputs_unlocked(51777 Apr 17 22:54 , 0x7f08a28ba400) = 1
[monitor] fputs_unlocked(-rw-rw-r-- 1 , 0x7f08a28ba400) = 1
[monitor] fputs_unlocked(jun, 0x7f08a28ba400) = 1
[monitor] fputs_unlocked(jun, 0x7f08a28ba400) = 1
[monitor] fputs_unlocked( 5668 Apr 17 22:56 , 0x7f08a28ba400) = 1
[monitor] fputs_unlocked(-rw-rw-r-- 1 , 0x7f08a28ba400) = 1
[monitor] fputs_unlocked(jun, 0x7f08a28ba400) = 1
[monitor] fputs_unlocked(jun, 0x7f08a28ba400) = 1
[monitor] fputs_unlocked( 8319 Apr 17 23:00 , 0x7f08a28ba400) = 1
[monitor] exit(0)
[monitor] __freading(0x7f08a28ba400) = 0
[monitor] __freading(0x7f08a28ba400) = 0
[monitor] fflush(0x7f08a28ba400) = 0
[monitor] __freading(0x7f08a28ba1c0) = 0
[monitor] __freading(0x7f08a28ba1c0) = 0
[monitor] fflush(0x7f08a28ba1c0) = 0
[monitor] fflush(0x7f08a28ba400) = 0
[monitor] fflush(0x7f08a28ba1c0) = 0
[monitor] fflush(0x7f08a28ba1c0) = 0
[monitor] fflush(0x7f08a28ba400) = 0
[monitor] fflush(0x7f08a28ba1c0) = 0
[monitor] fflush(0x7f08a28ba1c0) = 0
[monitor] getenv('QUOTING_STYLE') = '(null)'
[monitor] getenv('COLUMNS') = '(null)'
[monitor] getenv('TABSIZE') = '(null)'
[monitor] getenv('LS_BLOCK_SIZE') = '(null)'
[monitor] getenv('BLOCK_SIZE') = '(null)'
[monitor] getenv('BLOCKSIZE') = '(null)'
[monitor] getenv('POSIXLY_CORRECT') = '(null)'
[monitor] getenv('BLOCK_SIZE') = '(null)'
[monitor] getenv('TIME_STYLE') = '(null)'
[monitor] realloc((nil), 1600) = 0xbfe5a0
[monitor] realloc((nil), 1024) = 0xbfebf0
[monitor] realloc(0xbfebf0, 2048) = 0xbfebf0
[monitor] opendir('.') = 0xc04100
[monitor] readdir(0xc04100) = 'hw2cpp.so'
[monitor] __lxstat(1, 'hw2cpp.so', 0xbff600) = 0
[monitor] readdir(0xc04100) = 'execlp_test.c'
[monitor] __lxstat(1, 'execlp_test.c', 0xbff6c0) = 0
[monitor] readdir(0xc04100) = 'monitor.out'
[monitor] __lxstat(1, 'monitor.out', 0xbff780) = 0
[monitor] readdir(0xc04100) = 'chw2.c'
[monitor] __lxstat(1, 'chw2.c', 0xbff840) = 0
[monitor] readdir(0xc04100) = 'hw2.c'
[monitor] __lxstat(1, 'hw2.c', 0xbff900) = 0
[monitor] readdir(0xc04100) = '..'
[monitor] readdir(0xc04100) = 'execv_test.c'
[monitor] __lxstat(1, 'execv_test.c', 0xbff9c0) = 0
[monitor] readdir(0xc04100) = 'execle_test'
[monitor] __lxstat(1, 'execle_test', 0xbffa80) = 0
[monitor] readdir(0xc04100) = 'exittest.c'
[monitor] __lxstat(1, 'exittest.c', 0xbffb40) = 0
[monitor] readdir(0xc04100) = 'execl_test.c'
[monitor] __lxstat(1, 'execl_test.c', 0xbffc00) = 0
[monitor] readdir(0xc04100) = '2.out'
[monitor] __lxstat(1, '2.out', 0xbffcc0) = 0
[monitor] readdir(0xc04100) = 'test.cpp'
[monitor] __lxstat(1, 'test.cpp', 0xbffd80) = 0
[monitor] readdir(0xc04100) = 'test.so'
[monitor] __lxstat(1, 'test.so', 0xbffe40) = 0
[monitor] readdir(0xc04100) = 'execle_test.c'
[monitor] __lxstat(1, 'execle_test.c', 0xbfff00) = 0
[monitor] readdir(0xc04100) = 'getuid'
[monitor] __lxstat(1, 'getuid', 0xbfffc0) = 0
[monitor] readdir(0xc04100) = 'Makefile'
[monitor] __lxstat(1, 'Makefile', 0xc00080) = 0
[monitor] readdir(0xc04100) = '.'
[monitor] readdir(0xc04100) = 'getuid.c'
[monitor] __lxstat(1, 'getuid.c', 0xc00140) = 0
[monitor] readdir(0xc04100) = 'hw2.cpp'
[monitor] __lxstat(1, 'hw2.cpp', 0xc00200) = 0
[monitor] readdir(0xc04100) = 'execv_test'
[monitor] __lxstat(1, 'execv_test', 0xc002c0) = 0
[monitor] readdir(0xc04100) = 'execcc.cpp'
[monitor] __lxstat(1, 'execcc.cpp', 0xc00380) = 0
[monitor] readdir(0xc04100) = 'hw2.so'
[monitor] __lxstat(1, 'hw2.so', 0xc00440) = 0
[monitor] readdir(0xc04100) = 'execlp_test'
[monitor] __lxstat(1, 'execlp_test', 0xc00500) = 0
[monitor] readdir(0xc04100) = 'execl_test'
[monitor] __lxstat(1, 'execl_test', 0xc005c0) = 0
[monitor] readdir(0xc04100) = '.git'
[monitor] readdir(0xc04100) = (nil)
[monitor] closedir(0xc04100) = 0
[monitor] fputs_unlocked(total, 0x7f67a86a8400) = 1
[monitor] fputs_unlocked(320, 0x7f67a86a8400) = 1
[monitor] fputs_unlocked(-rw-rw-r-- 1 , 0x7f67a86a8400) = 1
[monitor] fputs_unlocked(jun, 0x7f67a86a8400) = 1
[monitor] fputs_unlocked(jun, 0x7f67a86a8400) = 1
[monitor] fputs_unlocked(  399 Apr 11 18:51 , 0x7f67a86a8400) = 1
[monitor] fputs_unlocked(-rw-rw-r-- 1 , 0x7f67a86a8400) = 1
[monitor] fputs_unlocked(jun, 0x7f67a86a8400) = 1
[monitor] fputs_unlocked(jun, 0x7f67a86a8400) = 1
[monitor] fputs_unlocked(  611 Apr 11 19:34 , 0x7f67a86a8400) = 1
[monitor] fputs_unlocked(-rwxrwxr-x 1 , 0x7f67a86a8400) = 1
[monitor] fputs_unlocked(jun, 0x7f67a86a8400) = 1
[monitor] fputs_unlocked(jun, 0x7f67a86a8400) = 1
[monitor] fputs_unlocked( 8105 Apr 11 19:36 , 0x7f67a86a8400) = 1
[monitor] fputs_unlocked(-rw-rw-r-- 1 , 0x7f67a86a8400) = 1
[monitor] fputs_unlocked(jun, 0x7f67a86a8400) = 1
[monitor] fputs_unlocked(jun, 0x7f67a86a8400) = 1
[monitor] fputs_unlocked(  991 Apr 11 21:11 , 0x7f67a86a8400) = 1
[monitor] fputs_unlocked(-rwxrwxr-x 1 , 0x7f67a86a8400) = 1
[monitor] fputs_unlocked(jun, 0x7f67a86a8400) = 1
[monitor] fputs_unlocked(jun, 0x7f67a86a8400) = 1
[monitor] fputs_unlocked(13342 Apr 11 22:19 , 0x7f67a86a8400) = 1
[monitor] fputs_unlocked(-rw-rw-r-- 1 , 0x7f67a86a8400) = 1
[monitor] fputs_unlocked(jun, 0x7f67a86a8400) = 1
[monitor] fputs_unlocked(jun, 0x7f67a86a8400) = 1
[monitor] fputs_unlocked(   58 Apr 17 20:19 , 0x7f67a86a8400) = 1
[monitor] fputs_unlocked(-rw-rw-r-- 1 , 0x7f67a86a8400) = 1
[monitor] fputs_unlocked(jun, 0x7f67a86a8400) = 1
[monitor] fputs_unlocked(jun, 0x7f67a86a8400) = 1
[monitor] fputs_unlocked(  123 Apr 17 20:19 , 0x7f67a86a8400) = 1
[monitor] fputs_unlocked(-rwxrwxr-x 1 , 0x7f67a86a8400) = 1
[monitor] fputs_unlocked(jun, 0x7f67a86a8400) = 1
[monitor] fputs_unlocked(jun, 0x7f67a86a8400) = 1
[monitor] fputs_unlocked( 9712 Apr 17 20:19 , 0x7f67a86a8400) = 1
[monitor] fputs_unlocked(-rw-rw-r-- 1 , 0x7f67a86a8400) = 1
[monitor] fputs_unlocked(jun, 0x7f67a86a8400) = 1
[monitor] fputs_unlocked(jun, 0x7f67a86a8400) = 1
[monitor] fputs_unlocked(   85 Apr 17 20:19 , 0x7f67a86a8400) = 1
[monitor] fputs_unlocked(-rw-rw-r-- 1 , 0x7f67a86a8400) = 1
[monitor] fputs_unlocked(jun, 0x7f67a86a8400) = 1
[monitor] fputs_unlocked(jun, 0x7f67a86a8400) = 1
[monitor] fputs_unlocked(  335 Apr 17 20:19 , 0x7f67a86a8400) = 1
[monitor] fputs_unlocked(-rwxrwxr-x 1 , 0x7f67a86a8400) = 1
[monitor] fputs_unlocked(jun, 0x7f67a86a8400) = 1
[monitor] fputs_unlocked(jun, 0x7f67a86a8400) = 1
[monitor] fputs_unlocked( 8768 Apr 17 20:19 , 0x7f67a86a8400) = 1
[monitor] fputs_unlocked(-rw-rw-r-- 1 , 0x7f67a86a8400) = 1
[monitor] fputs_unlocked(jun, 0x7f67a86a8400) = 1
[monitor] fputs_unlocked(jun, 0x7f67a86a8400) = 1
[monitor] fputs_unlocked(  278 Apr 17 20:19 , 0x7f67a86a8400) = 1
[monitor] fputs_unlocked(-rwxrwxr-x 1 , 0x7f67a86a8400) = 1
[monitor] fputs_unlocked(jun, 0x7f67a86a8400) = 1
[monitor] fputs_unlocked(jun, 0x7f67a86a8400) = 1
[monitor] fputs_unlocked( 8608 Apr 17 20:19 , 0x7f67a86a8400) = 1
[monitor] fputs_unlocked(-rw-rw-r-- 1 , 0x7f67a86a8400) = 1
[monitor] fputs_unlocked(jun, 0x7f67a86a8400) = 1
[monitor] fputs_unlocked(jun, 0x7f67a86a8400) = 1
[monitor] fputs_unlocked(  338 Apr 17 20:19 , 0x7f67a86a8400) = 1
[monitor] fputs_unlocked(-rwxrwxr-x 1 , 0x7f67a86a8400) = 1
[monitor] fputs_unlocked(jun, 0x7f67a86a8400) = 1
[monitor] fputs_unlocked(jun, 0x7f67a86a8400) = 1
[monitor] fputs_unlocked( 8664 Apr 17 20:19 , 0x7f67a86a8400) = 1
[monitor] fputs_unlocked(-rw-rw-r-- 1 , 0x7f67a86a8400) = 1
[monitor] fputs_unlocked(jun, 0x7f67a86a8400) = 1
[monitor] fputs_unlocked(jun, 0x7f67a86a8400) = 1
[monitor] fputs_unlocked(  311 Apr 17 20:19 , 0x7f67a86a8400) = 1
[monitor] fputs_unlocked(-rwxrwxr-x 1 , 0x7f67a86a8400) = 1
[monitor] fputs_unlocked(jun, 0x7f67a86a8400) = 1
[monitor] fputs_unlocked(jun, 0x7f67a86a8400) = 1
[monitor] fputs_unlocked( 8672 Apr 17 20:19 , 0x7f67a86a8400) = 1
[monitor] fputs_unlocked(-rw-rw-r-- 1 , 0x7f67a86a8400) = 1
[monitor] fputs_unlocked(jun, 0x7f67a86a8400) = 1
[monitor] fputs_unlocked(jun, 0x7f67a86a8400) = 1
[monitor] fputs_unlocked(53316 Apr 17 20:19 , 0x7f67a86a8400) = 1
[monitor] fputs_unlocked(-rw-rw-r-- 1 , 0x7f67a86a8400) = 1
[monitor] fputs_unlocked(jun, 0x7f67a86a8400) = 1
[monitor] fputs_unlocked(jun, 0x7f67a86a8400) = 1
[monitor] fputs_unlocked(60401 Apr 17 22:53 , 0x7f67a86a8400) = 1
[monitor] fputs_unlocked(-rwxrwxr-x 1 , 0x7f67a86a8400) = 1
[monitor] fputs_unlocked(jun, 0x7f67a86a8400) = 1
[monitor] fputs_unlocked(jun, 0x7f67a86a8400) = 1
[monitor] fputs_unlocked(51777 Apr 17 22:54 , 0x7f67a86a8400) = 1
[monitor] fputs_unlocked(-rw-rw-r-- 1 , 0x7f67a86a8400) = 1
[monitor] fputs_unlocked(jun, 0x7f67a86a8400) = 1
[monitor] fputs_unlocked(jun, 0x7f67a86a8400) = 1
[monitor] fputs_unlocked( 5668 Apr 17 22:56 , 0x7f67a86a8400) = 1
[monitor] fputs_unlocked(-rw-rw-r-- 1 , 0x7f67a86a8400) = 1
[monitor] fputs_unlocked(jun, 0x7f67a86a8400) = 1
[monitor] fputs_unlocked(jun, 0x7f67a86a8400) = 1
[monitor] fputs_unlocked(16593 Apr 17 23:03 , 0x7f67a86a8400) = 1
[monitor] exit(0)
[monitor] __freading(0x7f67a86a8400) = 0
[monitor] __freading(0x7f67a86a8400) = 0
[monitor] fflush(0x7f67a86a8400) = 0
[monitor] __freading(0x7f67a86a81c0) = 0
[monitor] __freading(0x7f67a86a81c0) = 0
[monitor] fflush(0x7f67a86a81c0) = 0
[monitor] fflush(0x7f67a86a8400) = 0
[monitor] fflush(0x7f67a86a81c0) = 0
[monitor] fflush(0x7f67a86a81c0) = 0
[monitor] fflush(0x7f67a86a8400) = 0
[monitor] fflush(0x7f67a86a81c0) = 0
[monitor] fflush(0x7f67a86a81c0) = 0
